<?xml version="1.0" encoding="UTF-8"?>
<!-- Generated by org.testng.reporters.JUnitReportReporter -->
<testsuite skipped="0" hostname="IND-SDharmik" name="Smoke.SmokeTest" tests="2" failures="0" timestamp="14 Apr 2018 08:03:05 GMT" time="0.013" errors="0">
  <testcase name="validateLinks" time="0.011" classname="Smoke.SmokeTest"/>
  <testcase name="validateNavigations" time="0.002" classname="Smoke.SmokeTest"/>
</testsuite> <!-- Smoke.SmokeTest -->
