<?xml version="1.0" encoding="UTF-8"?>
<!-- Generated by org.testng.reporters.JUnitReportReporter -->
<testsuite skipped="0" hostname="IND-SDharmik" name="Sanity.SanityTestBuild" tests="2" failures="0" timestamp="14 Apr 2018 12:44:05 GMT" time="32.199" errors="0">
  <testcase name="userCreated" time="18.971" classname="Sanity.SanityTestBuild"/>
  <testcase name="courseCreation" time="13.228" classname="Sanity.SanityTestBuild"/>
</testsuite> <!-- Sanity.SanityTestBuild -->
