<?xml version="1.0" encoding="UTF-8"?>
<!-- Generated by org.testng.reporters.JUnitReportReporter -->
<testsuite skipped="0" hostname="IND-SDharmik" name="Smoke.EndtoEnd" tests="2" failures="0" timestamp="14 Apr 2018 12:46:19 GMT" time="21.336" errors="0">
  <testcase name="e2e" time="7.971" classname="Smoke.EndtoEnd"/>
  <testcase name="e2e1" time="13.365" classname="Smoke.EndtoEnd"/>
</testsuite> <!-- Smoke.EndtoEnd -->
