<?xml version="1.0" encoding="UTF-8"?>
<!-- Generated by org.testng.reporters.JUnitReportReporter -->
<testsuite skipped="0" hostname="IND-SDharmik" name="Smoke.SmokeTestBuild" tests="2" failures="0" timestamp="14 Apr 2018 12:46:19 GMT" time="75.091" errors="0">
  <testcase name="validateLinks" time="31.265" classname="Smoke.SmokeTestBuild"/>
  <testcase name="validateNavigations" time="43.826" classname="Smoke.SmokeTestBuild"/>
</testsuite> <!-- Smoke.SmokeTestBuild -->
