<?xml version="1.0" encoding="UTF-8"?>
<!-- Generated by org.testng.reporters.JUnitReportReporter -->
<testsuite name="Sanity.SanityTestBuild" tests="2" time="50.470" ignored="0" failures="0" timestamp="14 Apr 2018 13:10:15 GMT" skipped="0" hostname="IND-SDharmik" errors="0">
  <testcase name="userCreated" time="28.853" classname="Sanity.SanityTestBuild"/>
  <testcase name="courseCreation" time="21.617" classname="Sanity.SanityTestBuild"/>
</testsuite> <!-- Sanity.SanityTestBuild -->
